Jun-16 08:05:38.352 [main] DEBUG nextflow.cli.Launcher - $> nextflow run main.nf -with-report report_DE65NGSUKBD135763_3-LNCaP-Apa
Jun-16 08:05:38.440 [main] INFO  nextflow.cli.CmdRun - N E X T F L O W  ~  version 23.04.0
Jun-16 08:05:38.468 [main] DEBUG nextflow.plugin.PluginsFacade - Setting up plugin manager > mode=prod; embedded=false; plugins-dir=/home/pbasitta/.nextflow/plugins; core-plugins: nf-amazon@1.16.1,nf-azure@1.0.0,nf-codecommit@0.1.3,nf-console@1.0.5,nf-ga4gh@1.0.4,nf-google@1.7.2,nf-tower@1.5.11,nf-wave@0.8.1
Jun-16 08:05:38.481 [main] INFO  org.pf4j.DefaultPluginStatusProvider - Enabled plugins: []
Jun-16 08:05:38.482 [main] INFO  org.pf4j.DefaultPluginStatusProvider - Disabled plugins: []
Jun-16 08:05:38.486 [main] INFO  org.pf4j.DefaultPluginManager - PF4J version 3.4.1 in 'deployment' mode
Jun-16 08:05:38.498 [main] INFO  org.pf4j.AbstractPluginManager - No plugins
Jun-16 08:05:38.546 [main] DEBUG nextflow.config.ConfigBuilder - Found config local: /data/basitta/nextpipe/nextflow.config
Jun-16 08:05:38.547 [main] DEBUG nextflow.config.ConfigBuilder - Parsing config file: /data/basitta/nextpipe/nextflow.config
Jun-16 08:05:38.598 [main] DEBUG nextflow.config.ConfigBuilder - Applying config profile: `standard`
Jun-16 08:05:39.483 [main] DEBUG nextflow.cli.CmdRun - Applied DSL=2 from script declararion
Jun-16 08:05:39.522 [main] INFO  nextflow.cli.CmdRun - Launching `main.nf` [elated_bernard] DSL2 - revision: 4c470738c1
Jun-16 08:05:39.523 [main] DEBUG nextflow.plugin.PluginsFacade - Plugins default=[]
Jun-16 08:05:39.523 [main] DEBUG nextflow.plugin.PluginsFacade - Plugins resolved requirement=[]
Jun-16 08:05:39.537 [main] DEBUG nextflow.secret.LocalSecretsProvider - Secrets store: /home/pbasitta/.nextflow/secrets/store.json
Jun-16 08:05:39.541 [main] DEBUG nextflow.secret.SecretsLoader - Discovered secrets providers: [nextflow.secret.LocalSecretsProvider@516462cc] - activable => nextflow.secret.LocalSecretsProvider@516462cc
Jun-16 08:05:39.660 [main] DEBUG nextflow.Session - Session UUID: 8df8ce2f-15eb-42aa-a084-0ecf529ec092
Jun-16 08:05:39.660 [main] DEBUG nextflow.Session - Run name: elated_bernard
Jun-16 08:05:39.660 [main] DEBUG nextflow.Session - Executor pool size: 2
Jun-16 08:05:39.685 [main] DEBUG nextflow.util.ThreadPoolBuilder - Creating thread pool 'FileTransfer' minSize=10; maxSize=10; workQueue=LinkedBlockingQueue[10000]; allowCoreThreadTimeout=false
Jun-16 08:05:39.744 [main] DEBUG nextflow.cli.CmdRun - 
  Version: 23.04.0 build 5857
  Created: 01-04-2023 21:09 UTC (23:09 CEST)
  System: Linux 5.14.21-150400.24.63-default
  Runtime: Groovy 3.0.16 on OpenJDK 64-Bit Server VM 11.0.19+0-suse-150000.3.96.1-x8664
  Encoding: UTF-8 (UTF-8)
  Process: 128448@ukb2580 [10.14.25.80]
  CPUs: 2 - Mem: 7.7 GB (128.8 MB) - Swap: 2 GB (1.9 GB)
Jun-16 08:05:39.775 [main] DEBUG nextflow.Session - Work-dir: /data/basitta/nextpipe/work [xfs]
Jun-16 08:05:39.775 [main] DEBUG nextflow.Session - Script base path does not exist or is not a directory: /data/basitta/nextpipe/bin
Jun-16 08:05:39.792 [main] DEBUG nextflow.executor.ExecutorFactory - Extension executors providers=[]
Jun-16 08:05:39.805 [main] DEBUG nextflow.Session - Observer factory: DefaultObserverFactory
Jun-16 08:05:39.851 [main] DEBUG nextflow.cache.CacheFactory - Using Nextflow cache factory: nextflow.cache.DefaultCacheFactory
Jun-16 08:05:39.869 [main] DEBUG nextflow.util.CustomThreadPool - Creating default thread pool > poolSize: 3; maxThreads: 1000
Jun-16 08:05:39.956 [main] DEBUG nextflow.Session - Session start
Jun-16 08:05:40.592 [main] DEBUG nextflow.script.ScriptRunner - > Launching execution
Jun-16 08:05:40.608 [main] INFO  nextflow.Nextflow - C E L L _ L I N E S - N F  P I P E L I N E
==========================================
reads            : /data/data_AG_Glen/input_data/DE65NGSUKBD135763_3-LNCaP-Apa_{1,2}.fq.gz
reference_dir    : /data/data_AG_Glen/reference_data/
outdir           : results
cpus             : 2
memory           : 6

Jun-16 08:05:40.780 [main] DEBUG nextflow.executor.ExecutorFactory - << taskConfig executor: null
Jun-16 08:05:40.780 [main] DEBUG nextflow.executor.ExecutorFactory - >> processorType: 'local'
Jun-16 08:05:40.787 [main] DEBUG nextflow.executor.Executor - [warm up] executor > local
Jun-16 08:05:40.792 [main] DEBUG n.processor.LocalPollingMonitor - Creating local task monitor for executor 'local' > cpus=2; memory=7.7 GB; capacity=2; pollInterval=100ms; dumpInterval=5m
Jun-16 08:05:40.924 [main] DEBUG nextflow.executor.ExecutorFactory - << taskConfig executor: null
Jun-16 08:05:40.924 [main] DEBUG nextflow.executor.ExecutorFactory - >> processorType: 'local'
Jun-16 08:05:40.930 [main] DEBUG nextflow.executor.ExecutorFactory - << taskConfig executor: null
Jun-16 08:05:40.930 [main] DEBUG nextflow.executor.ExecutorFactory - >> processorType: 'local'
Jun-16 08:05:40.936 [main] DEBUG nextflow.executor.ExecutorFactory - << taskConfig executor: null
Jun-16 08:05:40.936 [main] DEBUG nextflow.executor.ExecutorFactory - >> processorType: 'local'
Jun-16 08:05:40.941 [main] DEBUG nextflow.executor.ExecutorFactory - << taskConfig executor: null
Jun-16 08:05:40.941 [main] DEBUG nextflow.executor.ExecutorFactory - >> processorType: 'local'
Jun-16 08:05:40.963 [main] DEBUG nextflow.Session - Workflow process names [dsl2]: SAM_SORT_BAM, BWA_MEM, SAM_INDEX, FASTP_PAIRED, DECOMPRESS_FASTQ_GZ
Jun-16 08:05:40.964 [main] DEBUG nextflow.Session - Igniting dataflow network (6)
Jun-16 08:05:40.981 [main] DEBUG nextflow.processor.TaskProcessor - Starting process > FASTP_PAIRED
Jun-16 08:05:40.982 [main] DEBUG nextflow.processor.TaskProcessor - Starting process > DECOMPRESS_FASTQ_GZ
Jun-16 08:05:40.985 [main] DEBUG nextflow.processor.TaskProcessor - Starting process > BWA_MEM
Jun-16 08:05:40.985 [main] DEBUG nextflow.processor.TaskProcessor - Starting process > SAM_SORT_BAM
Jun-16 08:05:40.986 [main] DEBUG nextflow.processor.TaskProcessor - Starting process > SAM_INDEX
Jun-16 08:05:40.986 [main] DEBUG nextflow.script.ScriptRunner - > Awaiting termination 
Jun-16 08:05:40.986 [main] DEBUG nextflow.Session - Session await
Jun-16 08:05:40.986 [PathVisitor-1] DEBUG nextflow.file.PathVisitor - files for syntax: glob; folder: /data/data_AG_Glen/input_data/; pattern: DE65NGSUKBD135763_3-LNCaP-Apa_{1,2}.fq.gz; options: [:]
Jun-16 08:05:41.267 [Task submitter] DEBUG n.executor.local.LocalTaskHandler - Launch cmd line: /bin/bash -ue .command.run
Jun-16 08:05:41.269 [Task submitter] INFO  nextflow.Session - [e7/0bf59c] Submitted process > FASTP_PAIRED (DE65NGSUKBD135763_3-LNCaP-Apa)
Jun-16 08:10:40.959 [Task monitor] DEBUG n.processor.TaskPollingMonitor - !! executor local > tasks to be completed: 1 -- submitted tasks are shown below
~> TaskHandler[id: 1; name: FASTP_PAIRED (DE65NGSUKBD135763_3-LNCaP-Apa); status: RUNNING; exit: -; error: -; workDir: /data/basitta/nextpipe/work/e7/0bf59c7771d2ccba4dc524c3712bc0]
Jun-16 08:14:08.479 [Task monitor] DEBUG n.processor.TaskPollingMonitor - Task completed > TaskHandler[id: 1; name: FASTP_PAIRED (DE65NGSUKBD135763_3-LNCaP-Apa); status: COMPLETED; exit: 0; error: -; workDir: /data/basitta/nextpipe/work/e7/0bf59c7771d2ccba4dc524c3712bc0]
Jun-16 08:14:08.545 [Task submitter] DEBUG n.executor.local.LocalTaskHandler - Launch cmd line: /bin/bash -ue .command.run
Jun-16 08:14:08.546 [Task submitter] INFO  nextflow.Session - [62/80c6e5] Submitted process > DECOMPRESS_FASTQ_GZ (DE65NGSUKBD135763_3-LNCaP-Apa)
Jun-16 08:14:08.564 [Task monitor] DEBUG nextflow.util.ThreadPoolBuilder - Creating thread pool 'PublishDir' minSize=10; maxSize=10; workQueue=LinkedBlockingQueue[10000]; allowCoreThreadTimeout=false
Jun-16 08:15:41.033 [Task monitor] DEBUG n.processor.TaskPollingMonitor - !! executor local > tasks to be completed: 1 -- submitted tasks are shown below
~> TaskHandler[id: 2; name: DECOMPRESS_FASTQ_GZ (DE65NGSUKBD135763_3-LNCaP-Apa); status: RUNNING; exit: -; error: -; workDir: /data/basitta/nextpipe/work/62/80c6e5dfd4514f48eddfbb14a6f1c2]
Jun-16 08:16:04.407 [Task monitor] DEBUG n.processor.TaskPollingMonitor - Task completed > TaskHandler[id: 2; name: DECOMPRESS_FASTQ_GZ (DE65NGSUKBD135763_3-LNCaP-Apa); status: COMPLETED; exit: 0; error: -; workDir: /data/basitta/nextpipe/work/62/80c6e5dfd4514f48eddfbb14a6f1c2]
Jun-16 08:16:04.497 [Task submitter] DEBUG n.executor.local.LocalTaskHandler - Launch cmd line: /bin/bash -ue .command.run
Jun-16 08:16:04.497 [Task submitter] INFO  nextflow.Session - [75/bd6d22] Submitted process > BWA_MEM (DE65NGSUKBD135763_3-LNCaP-Apa)
Jun-16 08:20:41.108 [Task monitor] DEBUG n.processor.TaskPollingMonitor - !! executor local > tasks to be completed: 1 -- submitted tasks are shown below
~> TaskHandler[id: 3; name: BWA_MEM (DE65NGSUKBD135763_3-LNCaP-Apa); status: RUNNING; exit: -; error: -; workDir: /data/basitta/nextpipe/work/75/bd6d22a24fbe659f234ae4f4dd2c1f]
Jun-16 08:25:41.162 [Task monitor] DEBUG n.processor.TaskPollingMonitor - !! executor local > tasks to be completed: 1 -- submitted tasks are shown below
~> TaskHandler[id: 3; name: BWA_MEM (DE65NGSUKBD135763_3-LNCaP-Apa); status: RUNNING; exit: -; error: -; workDir: /data/basitta/nextpipe/work/75/bd6d22a24fbe659f234ae4f4dd2c1f]
Jun-16 08:30:41.209 [Task monitor] DEBUG n.processor.TaskPollingMonitor - !! executor local > tasks to be completed: 1 -- submitted tasks are shown below
~> TaskHandler[id: 3; name: BWA_MEM (DE65NGSUKBD135763_3-LNCaP-Apa); status: RUNNING; exit: -; error: -; workDir: /data/basitta/nextpipe/work/75/bd6d22a24fbe659f234ae4f4dd2c1f]
Jun-16 08:35:41.258 [Task monitor] DEBUG n.processor.TaskPollingMonitor - !! executor local > tasks to be completed: 1 -- submitted tasks are shown below
~> TaskHandler[id: 3; name: BWA_MEM (DE65NGSUKBD135763_3-LNCaP-Apa); status: RUNNING; exit: -; error: -; workDir: /data/basitta/nextpipe/work/75/bd6d22a24fbe659f234ae4f4dd2c1f]
Jun-16 08:40:41.280 [Task monitor] DEBUG n.processor.TaskPollingMonitor - !! executor local > tasks to be completed: 1 -- submitted tasks are shown below
~> TaskHandler[id: 3; name: BWA_MEM (DE65NGSUKBD135763_3-LNCaP-Apa); status: RUNNING; exit: -; error: -; workDir: /data/basitta/nextpipe/work/75/bd6d22a24fbe659f234ae4f4dd2c1f]
Jun-16 08:45:41.338 [Task monitor] DEBUG n.processor.TaskPollingMonitor - !! executor local > tasks to be completed: 1 -- submitted tasks are shown below
~> TaskHandler[id: 3; name: BWA_MEM (DE65NGSUKBD135763_3-LNCaP-Apa); status: RUNNING; exit: -; error: -; workDir: /data/basitta/nextpipe/work/75/bd6d22a24fbe659f234ae4f4dd2c1f]
Jun-16 08:50:41.366 [Task monitor] DEBUG n.processor.TaskPollingMonitor - !! executor local > tasks to be completed: 1 -- submitted tasks are shown below
~> TaskHandler[id: 3; name: BWA_MEM (DE65NGSUKBD135763_3-LNCaP-Apa); status: RUNNING; exit: -; error: -; workDir: /data/basitta/nextpipe/work/75/bd6d22a24fbe659f234ae4f4dd2c1f]
Jun-16 08:55:41.410 [Task monitor] DEBUG n.processor.TaskPollingMonitor - !! executor local > tasks to be completed: 1 -- submitted tasks are shown below
~> TaskHandler[id: 3; name: BWA_MEM (DE65NGSUKBD135763_3-LNCaP-Apa); status: RUNNING; exit: -; error: -; workDir: /data/basitta/nextpipe/work/75/bd6d22a24fbe659f234ae4f4dd2c1f]
Jun-16 09:00:41.435 [Task monitor] DEBUG n.processor.TaskPollingMonitor - !! executor local > tasks to be completed: 1 -- submitted tasks are shown below
~> TaskHandler[id: 3; name: BWA_MEM (DE65NGSUKBD135763_3-LNCaP-Apa); status: RUNNING; exit: -; error: -; workDir: /data/basitta/nextpipe/work/75/bd6d22a24fbe659f234ae4f4dd2c1f]
Jun-16 09:05:41.488 [Task monitor] DEBUG n.processor.TaskPollingMonitor - !! executor local > tasks to be completed: 1 -- submitted tasks are shown below
~> TaskHandler[id: 3; name: BWA_MEM (DE65NGSUKBD135763_3-LNCaP-Apa); status: RUNNING; exit: -; error: -; workDir: /data/basitta/nextpipe/work/75/bd6d22a24fbe659f234ae4f4dd2c1f]
Jun-16 09:10:41.544 [Task monitor] DEBUG n.processor.TaskPollingMonitor - !! executor local > tasks to be completed: 1 -- submitted tasks are shown below
~> TaskHandler[id: 3; name: BWA_MEM (DE65NGSUKBD135763_3-LNCaP-Apa); status: RUNNING; exit: -; error: -; workDir: /data/basitta/nextpipe/work/75/bd6d22a24fbe659f234ae4f4dd2c1f]
Jun-16 09:15:41.579 [Task monitor] DEBUG n.processor.TaskPollingMonitor - !! executor local > tasks to be completed: 1 -- submitted tasks are shown below
~> TaskHandler[id: 3; name: BWA_MEM (DE65NGSUKBD135763_3-LNCaP-Apa); status: RUNNING; exit: -; error: -; workDir: /data/basitta/nextpipe/work/75/bd6d22a24fbe659f234ae4f4dd2c1f]
Jun-16 09:20:41.628 [Task monitor] DEBUG n.processor.TaskPollingMonitor - !! executor local > tasks to be completed: 1 -- submitted tasks are shown below
~> TaskHandler[id: 3; name: BWA_MEM (DE65NGSUKBD135763_3-LNCaP-Apa); status: RUNNING; exit: -; error: -; workDir: /data/basitta/nextpipe/work/75/bd6d22a24fbe659f234ae4f4dd2c1f]
Jun-16 09:25:41.666 [Task monitor] DEBUG n.processor.TaskPollingMonitor - !! executor local > tasks to be completed: 1 -- submitted tasks are shown below
~> TaskHandler[id: 3; name: BWA_MEM (DE65NGSUKBD135763_3-LNCaP-Apa); status: RUNNING; exit: -; error: -; workDir: /data/basitta/nextpipe/work/75/bd6d22a24fbe659f234ae4f4dd2c1f]
Jun-16 09:30:41.681 [Task monitor] DEBUG n.processor.TaskPollingMonitor - !! executor local > tasks to be completed: 1 -- submitted tasks are shown below
~> TaskHandler[id: 3; name: BWA_MEM (DE65NGSUKBD135763_3-LNCaP-Apa); status: RUNNING; exit: -; error: -; workDir: /data/basitta/nextpipe/work/75/bd6d22a24fbe659f234ae4f4dd2c1f]
Jun-16 09:35:41.732 [Task monitor] DEBUG n.processor.TaskPollingMonitor - !! executor local > tasks to be completed: 1 -- submitted tasks are shown below
~> TaskHandler[id: 3; name: BWA_MEM (DE65NGSUKBD135763_3-LNCaP-Apa); status: RUNNING; exit: -; error: -; workDir: /data/basitta/nextpipe/work/75/bd6d22a24fbe659f234ae4f4dd2c1f]
Jun-16 09:40:41.793 [Task monitor] DEBUG n.processor.TaskPollingMonitor - !! executor local > tasks to be completed: 1 -- submitted tasks are shown below
~> TaskHandler[id: 3; name: BWA_MEM (DE65NGSUKBD135763_3-LNCaP-Apa); status: RUNNING; exit: -; error: -; workDir: /data/basitta/nextpipe/work/75/bd6d22a24fbe659f234ae4f4dd2c1f]
Jun-16 09:45:41.821 [Task monitor] DEBUG n.processor.TaskPollingMonitor - !! executor local > tasks to be completed: 1 -- submitted tasks are shown below
~> TaskHandler[id: 3; name: BWA_MEM (DE65NGSUKBD135763_3-LNCaP-Apa); status: RUNNING; exit: -; error: -; workDir: /data/basitta/nextpipe/work/75/bd6d22a24fbe659f234ae4f4dd2c1f]
Jun-16 09:50:41.848 [Task monitor] DEBUG n.processor.TaskPollingMonitor - !! executor local > tasks to be completed: 1 -- submitted tasks are shown below
~> TaskHandler[id: 3; name: BWA_MEM (DE65NGSUKBD135763_3-LNCaP-Apa); status: RUNNING; exit: -; error: -; workDir: /data/basitta/nextpipe/work/75/bd6d22a24fbe659f234ae4f4dd2c1f]
Jun-16 09:55:41.883 [Task monitor] DEBUG n.processor.TaskPollingMonitor - !! executor local > tasks to be completed: 1 -- submitted tasks are shown below
~> TaskHandler[id: 3; name: BWA_MEM (DE65NGSUKBD135763_3-LNCaP-Apa); status: RUNNING; exit: -; error: -; workDir: /data/basitta/nextpipe/work/75/bd6d22a24fbe659f234ae4f4dd2c1f]
Jun-16 10:00:41.985 [Task monitor] DEBUG n.processor.TaskPollingMonitor - !! executor local > tasks to be completed: 1 -- submitted tasks are shown below
~> TaskHandler[id: 3; name: BWA_MEM (DE65NGSUKBD135763_3-LNCaP-Apa); status: RUNNING; exit: -; error: -; workDir: /data/basitta/nextpipe/work/75/bd6d22a24fbe659f234ae4f4dd2c1f]
Jun-16 10:05:42.018 [Task monitor] DEBUG n.processor.TaskPollingMonitor - !! executor local > tasks to be completed: 1 -- submitted tasks are shown below
~> TaskHandler[id: 3; name: BWA_MEM (DE65NGSUKBD135763_3-LNCaP-Apa); status: RUNNING; exit: -; error: -; workDir: /data/basitta/nextpipe/work/75/bd6d22a24fbe659f234ae4f4dd2c1f]
Jun-16 10:10:42.045 [Task monitor] DEBUG n.processor.TaskPollingMonitor - !! executor local > tasks to be completed: 1 -- submitted tasks are shown below
~> TaskHandler[id: 3; name: BWA_MEM (DE65NGSUKBD135763_3-LNCaP-Apa); status: RUNNING; exit: -; error: -; workDir: /data/basitta/nextpipe/work/75/bd6d22a24fbe659f234ae4f4dd2c1f]
Jun-16 10:15:42.056 [Task monitor] DEBUG n.processor.TaskPollingMonitor - !! executor local > tasks to be completed: 1 -- submitted tasks are shown below
~> TaskHandler[id: 3; name: BWA_MEM (DE65NGSUKBD135763_3-LNCaP-Apa); status: RUNNING; exit: -; error: -; workDir: /data/basitta/nextpipe/work/75/bd6d22a24fbe659f234ae4f4dd2c1f]
Jun-16 10:19:04.452 [Task monitor] DEBUG n.processor.TaskPollingMonitor - Task completed > TaskHandler[id: 3; name: BWA_MEM (DE65NGSUKBD135763_3-LNCaP-Apa); status: COMPLETED; exit: 0; error: -; workDir: /data/basitta/nextpipe/work/75/bd6d22a24fbe659f234ae4f4dd2c1f]
Jun-16 10:19:04.538 [Task submitter] DEBUG n.executor.local.LocalTaskHandler - Launch cmd line: /bin/bash -ue .command.run
Jun-16 10:19:04.538 [Task submitter] INFO  nextflow.Session - [1f/a73684] Submitted process > SAM_SORT_BAM (DE65NGSUKBD135763_3-LNCaP-Apa)
Jun-16 10:20:42.105 [Task monitor] DEBUG n.processor.TaskPollingMonitor - !! executor local > tasks to be completed: 1 -- submitted tasks are shown below
~> TaskHandler[id: 4; name: SAM_SORT_BAM (DE65NGSUKBD135763_3-LNCaP-Apa); status: RUNNING; exit: -; error: -; workDir: /data/basitta/nextpipe/work/1f/a73684c66463f46827477a27ff0795]
Jun-16 10:25:42.135 [Task monitor] DEBUG n.processor.TaskPollingMonitor - !! executor local > tasks to be completed: 1 -- submitted tasks are shown below
~> TaskHandler[id: 4; name: SAM_SORT_BAM (DE65NGSUKBD135763_3-LNCaP-Apa); status: RUNNING; exit: -; error: -; workDir: /data/basitta/nextpipe/work/1f/a73684c66463f46827477a27ff0795]
Jun-16 10:30:42.208 [Task monitor] DEBUG n.processor.TaskPollingMonitor - !! executor local > tasks to be completed: 1 -- submitted tasks are shown below
~> TaskHandler[id: 4; name: SAM_SORT_BAM (DE65NGSUKBD135763_3-LNCaP-Apa); status: RUNNING; exit: -; error: -; workDir: /data/basitta/nextpipe/work/1f/a73684c66463f46827477a27ff0795]
Jun-16 10:34:28.582 [Task monitor] DEBUG n.processor.TaskPollingMonitor - Task completed > TaskHandler[id: 4; name: SAM_SORT_BAM (DE65NGSUKBD135763_3-LNCaP-Apa); status: COMPLETED; exit: 0; error: -; workDir: /data/basitta/nextpipe/work/1f/a73684c66463f46827477a27ff0795]
Jun-16 10:34:28.787 [Task submitter] DEBUG n.executor.local.LocalTaskHandler - Launch cmd line: /bin/bash -ue .command.run
Jun-16 10:34:28.789 [Task submitter] INFO  nextflow.Session - [0f/831b4e] Submitted process > SAM_INDEX (DE65NGSUKBD135763_3-LNCaP-Apa)
Jun-16 10:35:20.560 [Task monitor] DEBUG n.processor.TaskPollingMonitor - Task completed > TaskHandler[id: 5; name: SAM_INDEX (DE65NGSUKBD135763_3-LNCaP-Apa); status: COMPLETED; exit: 0; error: -; workDir: /data/basitta/nextpipe/work/0f/831b4eb3b855e2605149f8449c4a5b]
Jun-16 10:35:20.568 [main] DEBUG nextflow.Session - Session await > all processes finished
Jun-16 10:35:20.608 [main] DEBUG nextflow.Session - Session await > all barriers passed
Jun-16 10:35:20.733 [main] DEBUG nextflow.util.ThreadPoolManager - Thread pool 'PublishDir' shutdown completed (hard=false)
Jun-16 10:35:20.854 [main] DEBUG nextflow.trace.WorkflowStatsObserver - Workflow completed > WorkflowStats[succeededCount=5; failedCount=0; ignoredCount=0; cachedCount=0; pendingCount=0; submittedCount=0; runningCount=0; retriesCount=0; abortedCount=0; succeedDuration=4h 59m 15s; failedDuration=0ms; cachedDuration=0ms;loadCpus=0; loadMemory=0; peakRunning=1; peakCpus=2; peakMemory=6 B; ]
Jun-16 10:35:20.855 [main] DEBUG nextflow.trace.ReportObserver - Workflow completed -- rendering execution report
Jun-16 10:35:22.273 [main] DEBUG nextflow.trace.ReportObserver - Execution report summary data:
  [{"cpuUsage":{"mean":93.15,"min":93.15,"q1":93.15,"q2":93.15,"q3":93.15,"max":93.15,"minLabel":"FASTP_PAIRED (DE65NGSUKBD135763_3-LNCaP-Apa)","maxLabel":"FASTP_PAIRED (DE65NGSUKBD135763_3-LNCaP-Apa)","q1Label":"FASTP_PAIRED (DE65NGSUKBD135763_3-LNCaP-Apa)","q2Label":"FASTP_PAIRED (DE65NGSUKBD135763_3-LNCaP-Apa)","q3Label":"FASTP_PAIRED (DE65NGSUKBD135763_3-LNCaP-Apa)"},"process":"FASTP_PAIRED","mem":{"mean":1161842688,"min":1161842688,"q1":1161842688,"q2":1161842688,"q3":1161842688,"max":1161842688,"minLabel":"FASTP_PAIRED (DE65NGSUKBD135763_3-LNCaP-Apa)","maxLabel":"FASTP_PAIRED (DE65NGSUKBD135763_3-LNCaP-Apa)","q1Label":"FASTP_PAIRED (DE65NGSUKBD135763_3-LNCaP-Apa)","q2Label":"FASTP_PAIRED (DE65NGSUKBD135763_3-LNCaP-Apa)","q3Label":"FASTP_PAIRED (DE65NGSUKBD135763_3-LNCaP-Apa)"},"memUsage":{"mean":19364044800,"min":19364044800,"q1":19364044800,"q2":19364044800,"q3":19364044800,"max":19364044800,"minLabel":"FASTP_PAIRED (DE65NGSUKBD135763_3-LNCaP-Apa)","maxLabel":"FASTP_PAIRED (DE65NGSUKBD135763_3-LNCaP-Apa)","q1Label":"FASTP_PAIRED (DE65NGSUKBD135763_3-LNCaP-Apa)","q2Label":"FASTP_PAIRED (DE65NGSUKBD135763_3-LNCaP-Apa)","q3Label":"FASTP_PAIRED (DE65NGSUKBD135763_3-LNCaP-Apa)"},"timeUsage":null,"vmem":{"mean":1591193600,"min":1591193600,"q1":1591193600,"q2":1591193600,"q3":1591193600,"max":1591193600,"minLabel":"FASTP_PAIRED (DE65NGSUKBD135763_3-LNCaP-Apa)","maxLabel":"FASTP_PAIRED (DE65NGSUKBD135763_3-LNCaP-Apa)","q1Label":"FASTP_PAIRED (DE65NGSUKBD135763_3-LNCaP-Apa)","q2Label":"FASTP_PAIRED (DE65NGSUKBD135763_3-LNCaP-Apa)","q3Label":"FASTP_PAIRED (DE65NGSUKBD135763_3-LNCaP-Apa)"},"reads":{"mean":4117470878,"min":4117470878,"q1":4117470878,"q2":4117470878,"q3":4117470878,"max":4117470878,"minLabel":"FASTP_PAIRED (DE65NGSUKBD135763_3-LNCaP-Apa)","maxLabel":"FASTP_PAIRED (DE65NGSUKBD135763_3-LNCaP-Apa)","q1Label":"FASTP_PAIRED (DE65NGSUKBD135763_3-LNCaP-Apa)","q2Label":"FASTP_PAIRED (DE65NGSUKBD135763_3-LNCaP-Apa)","q3Label":"FASTP_PAIRED (DE65NGSUKBD135763_3-LNCaP-Apa)"},"cpu":{"mean":186.3,"min":186.3,"q1":186.3,"q2":186.3,"q3":186.3,"max":186.3,"minLabel":"FASTP_PAIRED (DE65NGSUKBD135763_3-LNCaP-Apa)","maxLabel":"FASTP_PAIRED (DE65NGSUKBD135763_3-LNCaP-Apa)","q1Label":"FASTP_PAIRED (DE65NGSUKBD135763_3-LNCaP-Apa)","q2Label":"FASTP_PAIRED (DE65NGSUKBD135763_3-LNCaP-Apa)","q3Label":"FASTP_PAIRED (DE65NGSUKBD135763_3-LNCaP-Apa)"},"time":{"mean":506989,"min":506989,"q1":506989,"q2":506989,"q3":506989,"max":506989,"minLabel":"FASTP_PAIRED (DE65NGSUKBD135763_3-LNCaP-Apa)","maxLabel":"FASTP_PAIRED (DE65NGSUKBD135763_3-LNCaP-Apa)","q1Label":"FASTP_PAIRED (DE65NGSUKBD135763_3-LNCaP-Apa)","q2Label":"FASTP_PAIRED (DE65NGSUKBD135763_3-LNCaP-Apa)","q3Label":"FASTP_PAIRED (DE65NGSUKBD135763_3-LNCaP-Apa)"},"writes":{"mean":4029677758,"min":4029677758,"q1":4029677758,"q2":4029677758,"q3":4029677758,"max":4029677758,"minLabel":"FASTP_PAIRED (DE65NGSUKBD135763_3-LNCaP-Apa)","maxLabel":"FASTP_PAIRED (DE65NGSUKBD135763_3-LNCaP-Apa)","q1Label":"FASTP_PAIRED (DE65NGSUKBD135763_3-LNCaP-Apa)","q2Label":"FASTP_PAIRED (DE65NGSUKBD135763_3-LNCaP-Apa)","q3Label":"FASTP_PAIRED (DE65NGSUKBD135763_3-LNCaP-Apa)"}},{"cpuUsage":{"mean":46.9,"min":46.9,"q1":46.9,"q2":46.9,"q3":46.9,"max":46.9,"minLabel":"DECOMPRESS_FASTQ_GZ (DE65NGSUKBD135763_3-LNCaP-Apa)","maxLabel":"DECOMPRESS_FASTQ_GZ (DE65NGSUKBD135763_3-LNCaP-Apa)","q1Label":"DECOMPRESS_FASTQ_GZ (DE65NGSUKBD135763_3-LNCaP-Apa)","q2Label":"DECOMPRESS_FASTQ_GZ (DE65NGSUKBD135763_3-LNCaP-Apa)","q3Label":"DECOMPRESS_FASTQ_GZ (DE65NGSUKBD135763_3-LNCaP-Apa)"},"process":"DECOMPRESS_FASTQ_GZ","mem":{"mean":3928064,"min":3928064,"q1":3928064,"q2":3928064,"q3":3928064,"max":3928064,"minLabel":"DECOMPRESS_FASTQ_GZ (DE65NGSUKBD135763_3-LNCaP-Apa)","maxLabel":"DECOMPRESS_FASTQ_GZ (DE65NGSUKBD135763_3-LNCaP-Apa)","q1Label":"DECOMPRESS_FASTQ_GZ (DE65NGSUKBD135763_3-LNCaP-Apa)","q2Label":"DECOMPRESS_FASTQ_GZ (DE65NGSUKBD135763_3-LNCaP-Apa)","q3Label":"DECOMPRESS_FASTQ_GZ (DE65NGSUKBD135763_3-LNCaP-Apa)"},"memUsage":{"mean":65467733.33,"min":65467733.33,"q1":65467733.33,"q2":65467733.33,"q3":65467733.33,"max":65467733.33,"minLabel":"DECOMPRESS_FASTQ_GZ (DE65NGSUKBD135763_3-LNCaP-Apa)","maxLabel":"DECOMPRESS_FASTQ_GZ (DE65NGSUKBD135763_3-LNCaP-Apa)","q1Label":"DECOMPRESS_FASTQ_GZ (DE65NGSUKBD135763_3-LNCaP-Apa)","q2Label":"DECOMPRESS_FASTQ_GZ (DE65NGSUKBD135763_3-LNCaP-Apa)","q3Label":"DECOMPRESS_FASTQ_GZ (DE65NGSUKBD135763_3-LNCaP-Apa)"},"timeUsage":null,"vmem":{"mean":14319616,"min":14319616,"q1":14319616,"q2":14319616,"q3":14319616,"max":14319616,"minLabel":"DECOMPRESS_FASTQ_GZ (DE65NGSUKBD135763_3-LNCaP-Apa)","maxLabel":"DECOMPRESS_FASTQ_GZ (DE65NGSUKBD135763_3-LNCaP-Apa)","q1Label":"DECOMPRESS_FASTQ_GZ (DE65NGSUKBD135763_3-LNCaP-Apa)","q2Label":"DECOMPRESS_FASTQ_GZ (DE65NGSUKBD135763_3-LNCaP-Apa)","q3Label":"DECOMPRESS_FASTQ_GZ (DE65NGSUKBD135763_3-LNCaP-Apa)"},"reads":{"mean":4029175705,"min":4029175705,"q1":4029175705,"q2":4029175705,"q3":4029175705,"max":4029175705,"minLabel":"DECOMPRESS_FASTQ_GZ (DE65NGSUKBD135763_3-LNCaP-Apa)","maxLabel":"DECOMPRESS_FASTQ_GZ (DE65NGSUKBD135763_3-LNCaP-Apa)","q1Label":"DECOMPRESS_FASTQ_GZ (DE65NGSUKBD135763_3-LNCaP-Apa)","q2Label":"DECOMPRESS_FASTQ_GZ (DE65NGSUKBD135763_3-LNCaP-Apa)","q3Label":"DECOMPRESS_FASTQ_GZ (DE65NGSUKBD135763_3-LNCaP-Apa)"},"cpu":{"mean":93.8,"min":93.8,"q1":93.8,"q2":93.8,"q3":93.8,"max":93.8,"minLabel":"DECOMPRESS_FASTQ_GZ (DE65NGSUKBD135763_3-LNCaP-Apa)","maxLabel":"DECOMPRESS_FASTQ_GZ (DE65NGSUKBD135763_3-LNCaP-Apa)","q1Label":"DECOMPRESS_FASTQ_GZ (DE65NGSUKBD135763_3-LNCaP-Apa)","q2Label":"DECOMPRESS_FASTQ_GZ (DE65NGSUKBD135763_3-LNCaP-Apa)","q3Label":"DECOMPRESS_FASTQ_GZ (DE65NGSUKBD135763_3-LNCaP-Apa)"},"time":{"mean":115317,"min":115317,"q1":115317,"q2":115317,"q3":115317,"max":115317,"minLabel":"DECOMPRESS_FASTQ_GZ (DE65NGSUKBD135763_3-LNCaP-Apa)","maxLabel":"DECOMPRESS_FASTQ_GZ (DE65NGSUKBD135763_3-LNCaP-Apa)","q1Label":"DECOMPRESS_FASTQ_GZ (DE65NGSUKBD135763_3-LNCaP-Apa)","q2Label":"DECOMPRESS_FASTQ_GZ (DE65NGSUKBD135763_3-LNCaP-Apa)","q3Label":"DECOMPRESS_FASTQ_GZ (DE65NGSUKBD135763_3-LNCaP-Apa)"},"writes":{"mean":20213831126,"min":20213831126,"q1":20213831126,"q2":20213831126,"q3":20213831126,"max":20213831126,"minLabel":"DECOMPRESS_FASTQ_GZ (DE65NGSUKBD135763_3-LNCaP-Apa)","maxLabel":"DECOMPRESS_FASTQ_GZ (DE65NGSUKBD135763_3-LNCaP-Apa)","q1Label":"DECOMPRESS_FASTQ_GZ (DE65NGSUKBD135763_3-LNCaP-Apa)","q2Label":"DECOMPRESS_FASTQ_GZ (DE65NGSUKBD135763_3-LNCaP-Apa)","q3Label":"DECOMPRESS_FASTQ_GZ (DE65NGSUKBD135763_3-LNCaP-Apa)"}},{"cpuUsage":{"mean":98.3,"min":98.3,"q1":98.3,"q2":98.3,"q3":98.3,"max":98.3,"minLabel":"BWA_MEM (DE65NGSUKBD135763_3-LNCaP-Apa)","maxLabel":"BWA_MEM (DE65NGSUKBD135763_3-LNCaP-Apa)","q1Label":"BWA_MEM (DE65NGSUKBD135763_3-LNCaP-Apa)","q2Label":"BWA_MEM (DE65NGSUKBD135763_3-LNCaP-Apa)","q3Label":"BWA_MEM (DE65NGSUKBD135763_3-LNCaP-Apa)"},"process":"BWA_MEM","mem":{"mean":5826281472,"min":5826281472,"q1":5826281472,"q2":5826281472,"q3":5826281472,"max":5826281472,"minLabel":"BWA_MEM (DE65NGSUKBD135763_3-LNCaP-Apa)","maxLabel":"BWA_MEM (DE65NGSUKBD135763_3-LNCaP-Apa)","q1Label":"BWA_MEM (DE65NGSUKBD135763_3-LNCaP-Apa)","q2Label":"BWA_MEM (DE65NGSUKBD135763_3-LNCaP-Apa)","q3Label":"BWA_MEM (DE65NGSUKBD135763_3-LNCaP-Apa)"},"memUsage":{"mean":97104691200,"min":97104691200,"q1":97104691200,"q2":97104691200,"q3":97104691200,"max":97104691200,"minLabel":"BWA_MEM (DE65NGSUKBD135763_3-LNCaP-Apa)","maxLabel":"BWA_MEM (DE65NGSUKBD135763_3-LNCaP-Apa)","q1Label":"BWA_MEM (DE65NGSUKBD135763_3-LNCaP-Apa)","q2Label":"BWA_MEM (DE65NGSUKBD135763_3-LNCaP-Apa)","q3Label":"BWA_MEM (DE65NGSUKBD135763_3-LNCaP-Apa)"},"timeUsage":null,"vmem":{"mean":6027812864,"min":6027812864,"q1":6027812864,"q2":6027812864,"q3":6027812864,"max":6027812864,"minLabel":"BWA_MEM (DE65NGSUKBD135763_3-LNCaP-Apa)","maxLabel":"BWA_MEM (DE65NGSUKBD135763_3-LNCaP-Apa)","q1Label":"BWA_MEM (DE65NGSUKBD135763_3-LNCaP-Apa)","q2Label":"BWA_MEM (DE65NGSUKBD135763_3-LNCaP-Apa)","q3Label":"BWA_MEM (DE65NGSUKBD135763_3-LNCaP-Apa)"},"reads":{"mean":49251816699,"min":49251816699,"q1":49251816699,"q2":49251816699,"q3":49251816699,"max":49251816699,"minLabel":"BWA_MEM (DE65NGSUKBD135763_3-LNCaP-Apa)","maxLabel":"BWA_MEM (DE65NGSUKBD135763_3-LNCaP-Apa)","q1Label":"BWA_MEM (DE65NGSUKBD135763_3-LNCaP-Apa)","q2Label":"BWA_MEM (DE65NGSUKBD135763_3-LNCaP-Apa)","q3Label":"BWA_MEM (DE65NGSUKBD135763_3-LNCaP-Apa)"},"cpu":{"mean":196.6,"min":196.6,"q1":196.6,"q2":196.6,"q3":196.6,"max":196.6,"minLabel":"BWA_MEM (DE65NGSUKBD135763_3-LNCaP-Apa)","maxLabel":"BWA_MEM (DE65NGSUKBD135763_3-LNCaP-Apa)","q1Label":"BWA_MEM (DE65NGSUKBD135763_3-LNCaP-Apa)","q2Label":"BWA_MEM (DE65NGSUKBD135763_3-LNCaP-Apa)","q3Label":"BWA_MEM (DE65NGSUKBD135763_3-LNCaP-Apa)"},"time":{"mean":7379715,"min":7379715,"q1":7379715,"q2":7379715,"q3":7379715,"max":7379715,"minLabel":"BWA_MEM (DE65NGSUKBD135763_3-LNCaP-Apa)","maxLabel":"BWA_MEM (DE65NGSUKBD135763_3-LNCaP-Apa)","q1Label":"BWA_MEM (DE65NGSUKBD135763_3-LNCaP-Apa)","q2Label":"BWA_MEM (DE65NGSUKBD135763_3-LNCaP-Apa)","q3Label":"BWA_MEM (DE65NGSUKBD135763_3-LNCaP-Apa)"},"writes":{"mean":28871793802,"min":28871793802,"q1":28871793802,"q2":28871793802,"q3":28871793802,"max":28871793802,"minLabel":"BWA_MEM (DE65NGSUKBD135763_3-LNCaP-Apa)","maxLabel":"BWA_MEM (DE65NGSUKBD135763_3-LNCaP-Apa)","q1Label":"BWA_MEM (DE65NGSUKBD135763_3-LNCaP-Apa)","q2Label":"BWA_MEM (DE65NGSUKBD135763_3-LNCaP-Apa)","q3Label":"BWA_MEM (DE65NGSUKBD135763_3-LNCaP-Apa)"}},{"cpuUsage":{"mean":54.55,"min":54.55,"q1":54.55,"q2":54.55,"q3":54.55,"max":54.55,"minLabel":"SAM_SORT_BAM (DE65NGSUKBD135763_3-LNCaP-Apa)","maxLabel":"SAM_SORT_BAM (DE65NGSUKBD135763_3-LNCaP-Apa)","q1Label":"SAM_SORT_BAM (DE65NGSUKBD135763_3-LNCaP-Apa)","q2Label":"SAM_SORT_BAM (DE65NGSUKBD135763_3-LNCaP-Apa)","q3Label":"SAM_SORT_BAM (DE65NGSUKBD135763_3-LNCaP-Apa)"},"process":"SAM_SORT_BAM","mem":{"mean":1775001600,"min":1775001600,"q1":1775001600,"q2":1775001600,"q3":1775001600,"max":1775001600,"minLabel":"SAM_SORT_BAM (DE65NGSUKBD135763_3-LNCaP-Apa)","maxLabel":"SAM_SORT_BAM (DE65NGSUKBD135763_3-LNCaP-Apa)","q1Label":"SAM_SORT_BAM (DE65NGSUKBD135763_3-LNCaP-Apa)","q2Label":"SAM_SORT_BAM (DE65NGSUKBD135763_3-LNCaP-Apa)","q3Label":"SAM_SORT_BAM (DE65NGSUKBD135763_3-LNCaP-Apa)"},"memUsage":{"mean":29583360000,"min":29583360000,"q1":29583360000,"q2":29583360000,"q3":29583360000,"max":29583360000,"minLabel":"SAM_SORT_BAM (DE65NGSUKBD135763_3-LNCaP-Apa)","maxLabel":"SAM_SORT_BAM (DE65NGSUKBD135763_3-LNCaP-Apa)","q1Label":"SAM_SORT_BAM (DE65NGSUKBD135763_3-LNCaP-Apa)","q2Label":"SAM_SORT_BAM (DE65NGSUKBD135763_3-LNCaP-Apa)","q3Label":"SAM_SORT_BAM (DE65NGSUKBD135763_3-LNCaP-Apa)"},"timeUsage":null,"vmem":{"mean":1981685760,"min":1981685760,"q1":1981685760,"q2":1981685760,"q3":1981685760,"max":1981685760,"minLabel":"SAM_SORT_BAM (DE65NGSUKBD135763_3-LNCaP-Apa)","maxLabel":"SAM_SORT_BAM (DE65NGSUKBD135763_3-LNCaP-Apa)","q1Label":"SAM_SORT_BAM (DE65NGSUKBD135763_3-LNCaP-Apa)","q2Label":"SAM_SORT_BAM (DE65NGSUKBD135763_3-LNCaP-Apa)","q3Label":"SAM_SORT_BAM (DE65NGSUKBD135763_3-LNCaP-Apa)"},"reads":{"mean":10290248323,"min":10290248323,"q1":10290248323,"q2":10290248323,"q3":10290248323,"max":10290248323,"minLabel":"SAM_SORT_BAM (DE65NGSUKBD135763_3-LNCaP-Apa)","maxLabel":"SAM_SORT_BAM (DE65NGSUKBD135763_3-LNCaP-Apa)","q1Label":"SAM_SORT_BAM (DE65NGSUKBD135763_3-LNCaP-Apa)","q2Label":"SAM_SORT_BAM (DE65NGSUKBD135763_3-LNCaP-Apa)","q3Label":"SAM_SORT_BAM (DE65NGSUKBD135763_3-LNCaP-Apa)"},"cpu":{"mean":109.1,"min":109.1,"q1":109.1,"q2":109.1,"q3":109.1,"max":109.1,"minLabel":"SAM_SORT_BAM (DE65NGSUKBD135763_3-LNCaP-Apa)","maxLabel":"SAM_SORT_BAM (DE65NGSUKBD135763_3-LNCaP-Apa)","q1Label":"SAM_SORT_BAM (DE65NGSUKBD135763_3-LNCaP-Apa)","q2Label":"SAM_SORT_BAM (DE65NGSUKBD135763_3-LNCaP-Apa)","q3Label":"SAM_SORT_BAM (DE65NGSUKBD135763_3-LNCaP-Apa)"},"time":{"mean":923794,"min":923794,"q1":923794,"q2":923794,"q3":923794,"max":923794,"minLabel":"SAM_SORT_BAM (DE65NGSUKBD135763_3-LNCaP-Apa)","maxLabel":"SAM_SORT_BAM (DE65NGSUKBD135763_3-LNCaP-Apa)","q1Label":"SAM_SORT_BAM (DE65NGSUKBD135763_3-LNCaP-Apa)","q2Label":"SAM_SORT_BAM (DE65NGSUKBD135763_3-LNCaP-Apa)","q3Label":"SAM_SORT_BAM (DE65NGSUKBD135763_3-LNCaP-Apa)"},"writes":{"mean":8175206436,"min":8175206436,"q1":8175206436,"q2":8175206436,"q3":8175206436,"max":8175206436,"minLabel":"SAM_SORT_BAM (DE65NGSUKBD135763_3-LNCaP-Apa)","maxLabel":"SAM_SORT_BAM (DE65NGSUKBD135763_3-LNCaP-Apa)","q1Label":"SAM_SORT_BAM (DE65NGSUKBD135763_3-LNCaP-Apa)","q2Label":"SAM_SORT_BAM (DE65NGSUKBD135763_3-LNCaP-Apa)","q3Label":"SAM_SORT_BAM (DE65NGSUKBD135763_3-LNCaP-Apa)"}},{"cpuUsage":{"mean":49.1,"min":49.1,"q1":49.1,"q2":49.1,"q3":49.1,"max":49.1,"minLabel":"SAM_INDEX (DE65NGSUKBD135763_3-LNCaP-Apa)","maxLabel":"SAM_INDEX (DE65NGSUKBD135763_3-LNCaP-Apa)","q1Label":"SAM_INDEX (DE65NGSUKBD135763_3-LNCaP-Apa)","q2Label":"SAM_INDEX (DE65NGSUKBD135763_3-LNCaP-Apa)","q3Label":"SAM_INDEX (DE65NGSUKBD135763_3-LNCaP-Apa)"},"process":"SAM_INDEX","mem":{"mean":24481792,"min":24481792,"q1":24481792,"q2":24481792,"q3":24481792,"max":24481792,"minLabel":"SAM_INDEX (DE65NGSUKBD135763_3-LNCaP-Apa)","maxLabel":"SAM_INDEX (DE65NGSUKBD135763_3-LNCaP-Apa)","q1Label":"SAM_INDEX (DE65NGSUKBD135763_3-LNCaP-Apa)","q2Label":"SAM_INDEX (DE65NGSUKBD135763_3-LNCaP-Apa)","q3Label":"SAM_INDEX (DE65NGSUKBD135763_3-LNCaP-Apa)"},"memUsage":{"mean":408029866.67,"min":408029866.67,"q1":408029866.67,"q2":408029866.67,"q3":408029866.67,"max":408029866.67,"minLabel":"SAM_INDEX (DE65NGSUKBD135763_3-LNCaP-Apa)","maxLabel":"SAM_INDEX (DE65NGSUKBD135763_3-LNCaP-Apa)","q1Label":"SAM_INDEX (DE65NGSUKBD135763_3-LNCaP-Apa)","q2Label":"SAM_INDEX (DE65NGSUKBD135763_3-LNCaP-Apa)","q3Label":"SAM_INDEX (DE65NGSUKBD135763_3-LNCaP-Apa)"},"timeUsage":null,"vmem":{"mean":45387776,"min":45387776,"q1":45387776,"q2":45387776,"q3":45387776,"max":45387776,"minLabel":"SAM_INDEX (DE65NGSUKBD135763_3-LNCaP-Apa)","maxLabel":"SAM_INDEX (DE65NGSUKBD135763_3-LNCaP-Apa)","q1Label":"SAM_INDEX (DE65NGSUKBD135763_3-LNCaP-Apa)","q2Label":"SAM_INDEX (DE65NGSUKBD135763_3-LNCaP-Apa)","q3Label":"SAM_INDEX (DE65NGSUKBD135763_3-LNCaP-Apa)"},"reads":{"mean":3143576340,"min":3143576340,"q1":3143576340,"q2":3143576340,"q3":3143576340,"max":3143576340,"minLabel":"SAM_INDEX (DE65NGSUKBD135763_3-LNCaP-Apa)","maxLabel":"SAM_INDEX (DE65NGSUKBD135763_3-LNCaP-Apa)","q1Label":"SAM_INDEX (DE65NGSUKBD135763_3-LNCaP-Apa)","q2Label":"SAM_INDEX (DE65NGSUKBD135763_3-LNCaP-Apa)","q3Label":"SAM_INDEX (DE65NGSUKBD135763_3-LNCaP-Apa)"},"cpu":{"mean":98.2,"min":98.2,"q1":98.2,"q2":98.2,"q3":98.2,"max":98.2,"minLabel":"SAM_INDEX (DE65NGSUKBD135763_3-LNCaP-Apa)","maxLabel":"SAM_INDEX (DE65NGSUKBD135763_3-LNCaP-Apa)","q1Label":"SAM_INDEX (DE65NGSUKBD135763_3-LNCaP-Apa)","q2Label":"SAM_INDEX (DE65NGSUKBD135763_3-LNCaP-Apa)","q3Label":"SAM_INDEX (DE65NGSUKBD135763_3-LNCaP-Apa)"},"time":{"mean":51642,"min":51642,"q1":51642,"q2":51642,"q3":51642,"max":51642,"minLabel":"SAM_INDEX (DE65NGSUKBD135763_3-LNCaP-Apa)","maxLabel":"SAM_INDEX (DE65NGSUKBD135763_3-LNCaP-Apa)","q1Label":"SAM_INDEX (DE65NGSUKBD135763_3-LNCaP-Apa)","q2Label":"SAM_INDEX (DE65NGSUKBD135763_3-LNCaP-Apa)","q3Label":"SAM_INDEX (DE65NGSUKBD135763_3-LNCaP-Apa)"},"writes":{"mean":3271035,"min":3271035,"q1":3271035,"q2":3271035,"q3":3271035,"max":3271035,"minLabel":"SAM_INDEX (DE65NGSUKBD135763_3-LNCaP-Apa)","maxLabel":"SAM_INDEX (DE65NGSUKBD135763_3-LNCaP-Apa)","q1Label":"SAM_INDEX (DE65NGSUKBD135763_3-LNCaP-Apa)","q2Label":"SAM_INDEX (DE65NGSUKBD135763_3-LNCaP-Apa)","q3Label":"SAM_INDEX (DE65NGSUKBD135763_3-LNCaP-Apa)"}}]
Jun-16 10:35:24.065 [main] DEBUG nextflow.cache.CacheDB - Closing CacheDB done
Jun-16 10:35:24.112 [main] DEBUG nextflow.util.ThreadPoolManager - Thread pool 'FileTransfer' shutdown completed (hard=false)
Jun-16 10:35:24.113 [main] DEBUG nextflow.script.ScriptRunner - > Execution complete -- Goodbye
